<?xml version="1.0" encoding="UTF-8"?>
<testsuite xmlns:xsi="http://www.w3.org/2001/XMLSchema-instance" xsi:noNamespaceSchemaLocation="https://maven.apache.org/surefire/maven-surefire-plugin/xsd/surefire-test-report-3.0.xsd" version="3.0" name="com.commerzbank.helloworld.HelloworldApplicationTests" time="2.982" tests="1" errors="0" skipped="0" failures="0">
  <properties>
    <property name="java.specification.version" value="17"/>
    <property name="sun.cpu.isalist" value="amd64"/>
    <property name="sun.jnu.encoding" value="Cp1250"/>
    <property name="java.class.path" value="C:\Users\GF2SHYS\Downloads\helloworld\target\test-classes;C:\Users\GF2SHYS\Downloads\helloworld\target\classes;C:\Users\GF2SHYS\Downloads\helloworld\${M2_HOME}\..\local-repository\org\springframework\boot\spring-boot-starter-actuator\3.3.1\spring-boot-starter-actuator-3.3.1.jar;C:\Users\GF2SHYS\Downloads\helloworld\${M2_HOME}\..\local-repository\org\springframework\boot\spring-boot-starter\3.3.1\spring-boot-starter-3.3.1.jar;C:\Users\GF2SHYS\Downloads\helloworld\${M2_HOME}\..\local-repository\org\springframework\boot\spring-boot\3.3.1\spring-boot-3.3.1.jar;C:\Users\GF2SHYS\Downloads\helloworld\${M2_HOME}\..\local-repository\org\springframework\boot\spring-boot-autoconfigure\3.3.1\spring-boot-autoconfigure-3.3.1.jar;C:\Users\GF2SHYS\Downloads\helloworld\${M2_HOME}\..\local-repository\org\springframework\boot\spring-boot-starter-logging\3.3.1\spring-boot-starter-logging-3.3.1.jar;C:\Users\GF2SHYS\Downloads\helloworld\${M2_HOME}\..\local-repository\ch\qos\logback\logback-classic\1.5.6\logback-classic-1.5.6.jar;C:\Users\GF2SHYS\Downloads\helloworld\${M2_HOME}\..\local-repository\ch\qos\logback\logback-core\1.5.6\logback-core-1.5.6.jar;C:\Users\GF2SHYS\Downloads\helloworld\${M2_HOME}\..\local-repository\org\apache\logging\log4j\log4j-to-slf4j\2.23.1\log4j-to-slf4j-2.23.1.jar;C:\Users\GF2SHYS\Downloads\helloworld\${M2_HOME}\..\local-repository\org\apache\logging\log4j\log4j-api\2.23.1\log4j-api-2.23.1.jar;C:\Users\GF2SHYS\Downloads\helloworld\${M2_HOME}\..\local-repository\org\slf4j\jul-to-slf4j\2.0.13\jul-to-slf4j-2.0.13.jar;C:\Users\GF2SHYS\Downloads\helloworld\${M2_HOME}\..\local-repository\jakarta\annotation\jakarta.annotation-api\2.1.1\jakarta.annotation-api-2.1.1.jar;C:\Users\GF2SHYS\Downloads\helloworld\${M2_HOME}\..\local-repository\org\yaml\snakeyaml\2.2\snakeyaml-2.2.jar;C:\Users\GF2SHYS\Downloads\helloworld\${M2_HOME}\..\local-repository\org\springframework\boot\spring-boot-actuator-autoconfigure\3.3.1\spring-boot-actuator-autoconfigure-3.3.1.jar;C:\Users\GF2SHYS\Downloads\helloworld\${M2_HOME}\..\local-repository\org\springframework\boot\spring-boot-actuator\3.3.1\spring-boot-actuator-3.3.1.jar;C:\Users\GF2SHYS\Downloads\helloworld\${M2_HOME}\..\local-repository\com\fasterxml\jackson\core\jackson-databind\2.17.1\jackson-databind-2.17.1.jar;C:\Users\GF2SHYS\Downloads\helloworld\${M2_HOME}\..\local-repository\com\fasterxml\jackson\core\jackson-annotations\2.17.1\jackson-annotations-2.17.1.jar;C:\Users\GF2SHYS\Downloads\helloworld\${M2_HOME}\..\local-repository\com\fasterxml\jackson\core\jackson-core\2.17.1\jackson-core-2.17.1.jar;C:\Users\GF2SHYS\Downloads\helloworld\${M2_HOME}\..\local-repository\com\fasterxml\jackson\datatype\jackson-datatype-jsr310\2.17.1\jackson-datatype-jsr310-2.17.1.jar;C:\Users\GF2SHYS\Downloads\helloworld\${M2_HOME}\..\local-repository\io\micrometer\micrometer-observation\1.13.1\micrometer-observation-1.13.1.jar;C:\Users\GF2SHYS\Downloads\helloworld\${M2_HOME}\..\local-repository\io\micrometer\micrometer-commons\1.13.1\micrometer-commons-1.13.1.jar;C:\Users\GF2SHYS\Downloads\helloworld\${M2_HOME}\..\local-repository\io\micrometer\micrometer-jakarta9\1.13.1\micrometer-jakarta9-1.13.1.jar;C:\Users\GF2SHYS\Downloads\helloworld\${M2_HOME}\..\local-repository\io\micrometer\micrometer-core\1.13.1\micrometer-core-1.13.1.jar;C:\Users\GF2SHYS\Downloads\helloworld\${M2_HOME}\..\local-repository\org\hdrhistogram\HdrHistogram\2.2.2\HdrHistogram-2.2.2.jar;C:\Users\GF2SHYS\Downloads\helloworld\${M2_HOME}\..\local-repository\org\latencyutils\LatencyUtils\2.0.3\LatencyUtils-2.0.3.jar;C:\Users\GF2SHYS\Downloads\helloworld\${M2_HOME}\..\local-repository\org\springframework\boot\spring-boot-starter-web\3.3.1\spring-boot-starter-web-3.3.1.jar;C:\Users\GF2SHYS\Downloads\helloworld\${M2_HOME}\..\local-repository\org\springframework\boot\spring-boot-starter-json\3.3.1\spring-boot-starter-json-3.3.1.jar;C:\Users\GF2SHYS\Downloads\helloworld\${M2_HOME}\..\local-repository\com\fasterxml\jackson\datatype\jackson-datatype-jdk8\2.17.1\jackson-datatype-jdk8-2.17.1.jar;C:\Users\GF2SHYS\Downloads\helloworld\${M2_HOME}\..\local-repository\com\fasterxml\jackson\module\jackson-module-parameter-names\2.17.1\jackson-module-parameter-names-2.17.1.jar;C:\Users\GF2SHYS\Downloads\helloworld\${M2_HOME}\..\local-repository\org\springframework\boot\spring-boot-starter-tomcat\3.3.1\spring-boot-starter-tomcat-3.3.1.jar;C:\Users\GF2SHYS\Downloads\helloworld\${M2_HOME}\..\local-repository\org\apache\tomcat\embed\tomcat-embed-core\10.1.25\tomcat-embed-core-10.1.25.jar;C:\Users\GF2SHYS\Downloads\helloworld\${M2_HOME}\..\local-repository\org\apache\tomcat\embed\tomcat-embed-el\10.1.25\tomcat-embed-el-10.1.25.jar;C:\Users\GF2SHYS\Downloads\helloworld\${M2_HOME}\..\local-repository\org\apache\tomcat\embed\tomcat-embed-websocket\10.1.25\tomcat-embed-websocket-10.1.25.jar;C:\Users\GF2SHYS\Downloads\helloworld\${M2_HOME}\..\local-repository\org\springframework\spring-web\6.1.10\spring-web-6.1.10.jar;C:\Users\GF2SHYS\Downloads\helloworld\${M2_HOME}\..\local-repository\org\springframework\spring-beans\6.1.10\spring-beans-6.1.10.jar;C:\Users\GF2SHYS\Downloads\helloworld\${M2_HOME}\..\local-repository\org\springframework\spring-webmvc\6.1.10\spring-webmvc-6.1.10.jar;C:\Users\GF2SHYS\Downloads\helloworld\${M2_HOME}\..\local-repository\org\springframework\spring-aop\6.1.10\spring-aop-6.1.10.jar;C:\Users\GF2SHYS\Downloads\helloworld\${M2_HOME}\..\local-repository\org\springframework\spring-context\6.1.10\spring-context-6.1.10.jar;C:\Users\GF2SHYS\Downloads\helloworld\${M2_HOME}\..\local-repository\org\springframework\spring-expression\6.1.10\spring-expression-6.1.10.jar;C:\Users\GF2SHYS\Downloads\helloworld\${M2_HOME}\..\local-repository\org\springframework\boot\spring-boot-starter-test\3.3.1\spring-boot-starter-test-3.3.1.jar;C:\Users\GF2SHYS\Downloads\helloworld\${M2_HOME}\..\local-repository\org\springframework\boot\spring-boot-test\3.3.1\spring-boot-test-3.3.1.jar;C:\Users\GF2SHYS\Downloads\helloworld\${M2_HOME}\..\local-repository\org\springframework\boot\spring-boot-test-autoconfigure\3.3.1\spring-boot-test-autoconfigure-3.3.1.jar;C:\Users\GF2SHYS\Downloads\helloworld\${M2_HOME}\..\local-repository\com\jayway\jsonpath\json-path\2.9.0\json-path-2.9.0.jar;C:\Users\GF2SHYS\Downloads\helloworld\${M2_HOME}\..\local-repository\org\slf4j\slf4j-api\2.0.13\slf4j-api-2.0.13.jar;C:\Users\GF2SHYS\Downloads\helloworld\${M2_HOME}\..\local-repository\jakarta\xml\bind\jakarta.xml.bind-api\4.0.2\jakarta.xml.bind-api-4.0.2.jar;C:\Users\GF2SHYS\Downloads\helloworld\${M2_HOME}\..\local-repository\jakarta\activation\jakarta.activation-api\2.1.3\jakarta.activation-api-2.1.3.jar;C:\Users\GF2SHYS\Downloads\helloworld\${M2_HOME}\..\local-repository\net\minidev\json-smart\2.5.1\json-smart-2.5.1.jar;C:\Users\GF2SHYS\Downloads\helloworld\${M2_HOME}\..\local-repository\net\minidev\accessors-smart\2.5.1\accessors-smart-2.5.1.jar;C:\Users\GF2SHYS\Downloads\helloworld\${M2_HOME}\..\local-repository\org\ow2\asm\asm\9.6\asm-9.6.jar;C:\Users\GF2SHYS\Downloads\helloworld\${M2_HOME}\..\local-repository\org\assertj\assertj-core\3.25.3\assertj-core-3.25.3.jar;C:\Users\GF2SHYS\Downloads\helloworld\${M2_HOME}\..\local-repository\net\bytebuddy\byte-buddy\1.14.17\byte-buddy-1.14.17.jar;C:\Users\GF2SHYS\Downloads\helloworld\${M2_HOME}\..\local-repository\org\awaitility\awaitility\4.2.1\awaitility-4.2.1.jar;C:\Users\GF2SHYS\Downloads\helloworld\${M2_HOME}\..\local-repository\org\hamcrest\hamcrest\2.2\hamcrest-2.2.jar;C:\Users\GF2SHYS\Downloads\helloworld\${M2_HOME}\..\local-repository\org\junit\jupiter\junit-jupiter\5.10.2\junit-jupiter-5.10.2.jar;C:\Users\GF2SHYS\Downloads\helloworld\${M2_HOME}\..\local-repository\org\junit\jupiter\junit-jupiter-api\5.10.2\junit-jupiter-api-5.10.2.jar;C:\Users\GF2SHYS\Downloads\helloworld\${M2_HOME}\..\local-repository\org\opentest4j\opentest4j\1.3.0\opentest4j-1.3.0.jar;C:\Users\GF2SHYS\Downloads\helloworld\${M2_HOME}\..\local-repository\org\junit\platform\junit-platform-commons\1.10.2\junit-platform-commons-1.10.2.jar;C:\Users\GF2SHYS\Downloads\helloworld\${M2_HOME}\..\local-repository\org\apiguardian\apiguardian-api\1.1.2\apiguardian-api-1.1.2.jar;C:\Users\GF2SHYS\Downloads\helloworld\${M2_HOME}\..\local-repository\org\junit\jupiter\junit-jupiter-params\5.10.2\junit-jupiter-params-5.10.2.jar;C:\Users\GF2SHYS\Downloads\helloworld\${M2_HOME}\..\local-repository\org\junit\jupiter\junit-jupiter-engine\5.10.2\junit-jupiter-engine-5.10.2.jar;C:\Users\GF2SHYS\Downloads\helloworld\${M2_HOME}\..\local-repository\org\junit\platform\junit-platform-engine\1.10.2\junit-platform-engine-1.10.2.jar;C:\Users\GF2SHYS\Downloads\helloworld\${M2_HOME}\..\local-repository\org\mockito\mockito-core\5.11.0\mockito-core-5.11.0.jar;C:\Users\GF2SHYS\Downloads\helloworld\${M2_HOME}\..\local-repository\net\bytebuddy\byte-buddy-agent\1.14.17\byte-buddy-agent-1.14.17.jar;C:\Users\GF2SHYS\Downloads\helloworld\${M2_HOME}\..\local-repository\org\objenesis\objenesis\3.3\objenesis-3.3.jar;C:\Users\GF2SHYS\Downloads\helloworld\${M2_HOME}\..\local-repository\org\mockito\mockito-junit-jupiter\5.11.0\mockito-junit-jupiter-5.11.0.jar;C:\Users\GF2SHYS\Downloads\helloworld\${M2_HOME}\..\local-repository\org\skyscreamer\jsonassert\1.5.1\jsonassert-1.5.1.jar;C:\Users\GF2SHYS\Downloads\helloworld\${M2_HOME}\..\local-repository\com\vaadin\external\google\android-json\0.0.20131108.vaadin1\android-json-0.0.20131108.vaadin1.jar;C:\Users\GF2SHYS\Downloads\helloworld\${M2_HOME}\..\local-repository\org\springframework\spring-core\6.1.10\spring-core-6.1.10.jar;C:\Users\GF2SHYS\Downloads\helloworld\${M2_HOME}\..\local-repository\org\springframework\spring-jcl\6.1.10\spring-jcl-6.1.10.jar;C:\Users\GF2SHYS\Downloads\helloworld\${M2_HOME}\..\local-repository\org\springframework\spring-test\6.1.10\spring-test-6.1.10.jar;C:\Users\GF2SHYS\Downloads\helloworld\${M2_HOME}\..\local-repository\org\xmlunit\xmlunit-core\2.9.1\xmlunit-core-2.9.1.jar;"/>
    <property name="java.vm.vendor" value="Microsoft"/>
    <property name="sun.arch.data.model" value="64"/>
    <property name="user.variant" value=""/>
    <property name="java.vendor.url" value="https://www.microsoft.com"/>
    <property name="user.timezone" value="Europe/Budapest"/>
    <property name="user.country.format" value="PL"/>
    <property name="os.name" value="Windows 10"/>
    <property name="java.vm.specification.version" value="17"/>
    <property name="sun.java.launcher" value="SUN_STANDARD"/>
    <property name="user.country" value="US"/>
    <property name="sun.boot.library.path" value="C:\Users\GF2SHYS\Documents\ImportantPluginsVSC\microsoft-jdk-17.0.12-windows-x64\jdk-17.0.12+7\bin"/>
    <property name="sun.java.command" value="C:\Users\GF2SHYS\AppData\Local\Temp\surefire16800891136144582103\surefirebooter-20240821085102009_3.jar C:\Users\GF2SHYS\AppData\Local\Temp\surefire16800891136144582103 2024-08-21T08-51-01_762-jvmRun1 surefire-20240821085102009_1tmp surefire_0-20240821085102009_2tmp"/>
    <property name="jdk.debug" value="release"/>
    <property name="surefire.test.class.path" value="C:\Users\GF2SHYS\Downloads\helloworld\target\test-classes;C:\Users\GF2SHYS\Downloads\helloworld\target\classes;C:\Users\GF2SHYS\Downloads\helloworld\${M2_HOME}\..\local-repository\org\springframework\boot\spring-boot-starter-actuator\3.3.1\spring-boot-starter-actuator-3.3.1.jar;C:\Users\GF2SHYS\Downloads\helloworld\${M2_HOME}\..\local-repository\org\springframework\boot\spring-boot-starter\3.3.1\spring-boot-starter-3.3.1.jar;C:\Users\GF2SHYS\Downloads\helloworld\${M2_HOME}\..\local-repository\org\springframework\boot\spring-boot\3.3.1\spring-boot-3.3.1.jar;C:\Users\GF2SHYS\Downloads\helloworld\${M2_HOME}\..\local-repository\org\springframework\boot\spring-boot-autoconfigure\3.3.1\spring-boot-autoconfigure-3.3.1.jar;C:\Users\GF2SHYS\Downloads\helloworld\${M2_HOME}\..\local-repository\org\springframework\boot\spring-boot-starter-logging\3.3.1\spring-boot-starter-logging-3.3.1.jar;C:\Users\GF2SHYS\Downloads\helloworld\${M2_HOME}\..\local-repository\ch\qos\logback\logback-classic\1.5.6\logback-classic-1.5.6.jar;C:\Users\GF2SHYS\Downloads\helloworld\${M2_HOME}\..\local-repository\ch\qos\logback\logback-core\1.5.6\logback-core-1.5.6.jar;C:\Users\GF2SHYS\Downloads\helloworld\${M2_HOME}\..\local-repository\org\apache\logging\log4j\log4j-to-slf4j\2.23.1\log4j-to-slf4j-2.23.1.jar;C:\Users\GF2SHYS\Downloads\helloworld\${M2_HOME}\..\local-repository\org\apache\logging\log4j\log4j-api\2.23.1\log4j-api-2.23.1.jar;C:\Users\GF2SHYS\Downloads\helloworld\${M2_HOME}\..\local-repository\org\slf4j\jul-to-slf4j\2.0.13\jul-to-slf4j-2.0.13.jar;C:\Users\GF2SHYS\Downloads\helloworld\${M2_HOME}\..\local-repository\jakarta\annotation\jakarta.annotation-api\2.1.1\jakarta.annotation-api-2.1.1.jar;C:\Users\GF2SHYS\Downloads\helloworld\${M2_HOME}\..\local-repository\org\yaml\snakeyaml\2.2\snakeyaml-2.2.jar;C:\Users\GF2SHYS\Downloads\helloworld\${M2_HOME}\..\local-repository\org\springframework\boot\spring-boot-actuator-autoconfigure\3.3.1\spring-boot-actuator-autoconfigure-3.3.1.jar;C:\Users\GF2SHYS\Downloads\helloworld\${M2_HOME}\..\local-repository\org\springframework\boot\spring-boot-actuator\3.3.1\spring-boot-actuator-3.3.1.jar;C:\Users\GF2SHYS\Downloads\helloworld\${M2_HOME}\..\local-repository\com\fasterxml\jackson\core\jackson-databind\2.17.1\jackson-databind-2.17.1.jar;C:\Users\GF2SHYS\Downloads\helloworld\${M2_HOME}\..\local-repository\com\fasterxml\jackson\core\jackson-annotations\2.17.1\jackson-annotations-2.17.1.jar;C:\Users\GF2SHYS\Downloads\helloworld\${M2_HOME}\..\local-repository\com\fasterxml\jackson\core\jackson-core\2.17.1\jackson-core-2.17.1.jar;C:\Users\GF2SHYS\Downloads\helloworld\${M2_HOME}\..\local-repository\com\fasterxml\jackson\datatype\jackson-datatype-jsr310\2.17.1\jackson-datatype-jsr310-2.17.1.jar;C:\Users\GF2SHYS\Downloads\helloworld\${M2_HOME}\..\local-repository\io\micrometer\micrometer-observation\1.13.1\micrometer-observation-1.13.1.jar;C:\Users\GF2SHYS\Downloads\helloworld\${M2_HOME}\..\local-repository\io\micrometer\micrometer-commons\1.13.1\micrometer-commons-1.13.1.jar;C:\Users\GF2SHYS\Downloads\helloworld\${M2_HOME}\..\local-repository\io\micrometer\micrometer-jakarta9\1.13.1\micrometer-jakarta9-1.13.1.jar;C:\Users\GF2SHYS\Downloads\helloworld\${M2_HOME}\..\local-repository\io\micrometer\micrometer-core\1.13.1\micrometer-core-1.13.1.jar;C:\Users\GF2SHYS\Downloads\helloworld\${M2_HOME}\..\local-repository\org\hdrhistogram\HdrHistogram\2.2.2\HdrHistogram-2.2.2.jar;C:\Users\GF2SHYS\Downloads\helloworld\${M2_HOME}\..\local-repository\org\latencyutils\LatencyUtils\2.0.3\LatencyUtils-2.0.3.jar;C:\Users\GF2SHYS\Downloads\helloworld\${M2_HOME}\..\local-repository\org\springframework\boot\spring-boot-starter-web\3.3.1\spring-boot-starter-web-3.3.1.jar;C:\Users\GF2SHYS\Downloads\helloworld\${M2_HOME}\..\local-repository\org\springframework\boot\spring-boot-starter-json\3.3.1\spring-boot-starter-json-3.3.1.jar;C:\Users\GF2SHYS\Downloads\helloworld\${M2_HOME}\..\local-repository\com\fasterxml\jackson\datatype\jackson-datatype-jdk8\2.17.1\jackson-datatype-jdk8-2.17.1.jar;C:\Users\GF2SHYS\Downloads\helloworld\${M2_HOME}\..\local-repository\com\fasterxml\jackson\module\jackson-module-parameter-names\2.17.1\jackson-module-parameter-names-2.17.1.jar;C:\Users\GF2SHYS\Downloads\helloworld\${M2_HOME}\..\local-repository\org\springframework\boot\spring-boot-starter-tomcat\3.3.1\spring-boot-starter-tomcat-3.3.1.jar;C:\Users\GF2SHYS\Downloads\helloworld\${M2_HOME}\..\local-repository\org\apache\tomcat\embed\tomcat-embed-core\10.1.25\tomcat-embed-core-10.1.25.jar;C:\Users\GF2SHYS\Downloads\helloworld\${M2_HOME}\..\local-repository\org\apache\tomcat\embed\tomcat-embed-el\10.1.25\tomcat-embed-el-10.1.25.jar;C:\Users\GF2SHYS\Downloads\helloworld\${M2_HOME}\..\local-repository\org\apache\tomcat\embed\tomcat-embed-websocket\10.1.25\tomcat-embed-websocket-10.1.25.jar;C:\Users\GF2SHYS\Downloads\helloworld\${M2_HOME}\..\local-repository\org\springframework\spring-web\6.1.10\spring-web-6.1.10.jar;C:\Users\GF2SHYS\Downloads\helloworld\${M2_HOME}\..\local-repository\org\springframework\spring-beans\6.1.10\spring-beans-6.1.10.jar;C:\Users\GF2SHYS\Downloads\helloworld\${M2_HOME}\..\local-repository\org\springframework\spring-webmvc\6.1.10\spring-webmvc-6.1.10.jar;C:\Users\GF2SHYS\Downloads\helloworld\${M2_HOME}\..\local-repository\org\springframework\spring-aop\6.1.10\spring-aop-6.1.10.jar;C:\Users\GF2SHYS\Downloads\helloworld\${M2_HOME}\..\local-repository\org\springframework\spring-context\6.1.10\spring-context-6.1.10.jar;C:\Users\GF2SHYS\Downloads\helloworld\${M2_HOME}\..\local-repository\org\springframework\spring-expression\6.1.10\spring-expression-6.1.10.jar;C:\Users\GF2SHYS\Downloads\helloworld\${M2_HOME}\..\local-repository\org\springframework\boot\spring-boot-starter-test\3.3.1\spring-boot-starter-test-3.3.1.jar;C:\Users\GF2SHYS\Downloads\helloworld\${M2_HOME}\..\local-repository\org\springframework\boot\spring-boot-test\3.3.1\spring-boot-test-3.3.1.jar;C:\Users\GF2SHYS\Downloads\helloworld\${M2_HOME}\..\local-repository\org\springframework\boot\spring-boot-test-autoconfigure\3.3.1\spring-boot-test-autoconfigure-3.3.1.jar;C:\Users\GF2SHYS\Downloads\helloworld\${M2_HOME}\..\local-repository\com\jayway\jsonpath\json-path\2.9.0\json-path-2.9.0.jar;C:\Users\GF2SHYS\Downloads\helloworld\${M2_HOME}\..\local-repository\org\slf4j\slf4j-api\2.0.13\slf4j-api-2.0.13.jar;C:\Users\GF2SHYS\Downloads\helloworld\${M2_HOME}\..\local-repository\jakarta\xml\bind\jakarta.xml.bind-api\4.0.2\jakarta.xml.bind-api-4.0.2.jar;C:\Users\GF2SHYS\Downloads\helloworld\${M2_HOME}\..\local-repository\jakarta\activation\jakarta.activation-api\2.1.3\jakarta.activation-api-2.1.3.jar;C:\Users\GF2SHYS\Downloads\helloworld\${M2_HOME}\..\local-repository\net\minidev\json-smart\2.5.1\json-smart-2.5.1.jar;C:\Users\GF2SHYS\Downloads\helloworld\${M2_HOME}\..\local-repository\net\minidev\accessors-smart\2.5.1\accessors-smart-2.5.1.jar;C:\Users\GF2SHYS\Downloads\helloworld\${M2_HOME}\..\local-repository\org\ow2\asm\asm\9.6\asm-9.6.jar;C:\Users\GF2SHYS\Downloads\helloworld\${M2_HOME}\..\local-repository\org\assertj\assertj-core\3.25.3\assertj-core-3.25.3.jar;C:\Users\GF2SHYS\Downloads\helloworld\${M2_HOME}\..\local-repository\net\bytebuddy\byte-buddy\1.14.17\byte-buddy-1.14.17.jar;C:\Users\GF2SHYS\Downloads\helloworld\${M2_HOME}\..\local-repository\org\awaitility\awaitility\4.2.1\awaitility-4.2.1.jar;C:\Users\GF2SHYS\Downloads\helloworld\${M2_HOME}\..\local-repository\org\hamcrest\hamcrest\2.2\hamcrest-2.2.jar;C:\Users\GF2SHYS\Downloads\helloworld\${M2_HOME}\..\local-repository\org\junit\jupiter\junit-jupiter\5.10.2\junit-jupiter-5.10.2.jar;C:\Users\GF2SHYS\Downloads\helloworld\${M2_HOME}\..\local-repository\org\junit\jupiter\junit-jupiter-api\5.10.2\junit-jupiter-api-5.10.2.jar;C:\Users\GF2SHYS\Downloads\helloworld\${M2_HOME}\..\local-repository\org\opentest4j\opentest4j\1.3.0\opentest4j-1.3.0.jar;C:\Users\GF2SHYS\Downloads\helloworld\${M2_HOME}\..\local-repository\org\junit\platform\junit-platform-commons\1.10.2\junit-platform-commons-1.10.2.jar;C:\Users\GF2SHYS\Downloads\helloworld\${M2_HOME}\..\local-repository\org\apiguardian\apiguardian-api\1.1.2\apiguardian-api-1.1.2.jar;C:\Users\GF2SHYS\Downloads\helloworld\${M2_HOME}\..\local-repository\org\junit\jupiter\junit-jupiter-params\5.10.2\junit-jupiter-params-5.10.2.jar;C:\Users\GF2SHYS\Downloads\helloworld\${M2_HOME}\..\local-repository\org\junit\jupiter\junit-jupiter-engine\5.10.2\junit-jupiter-engine-5.10.2.jar;C:\Users\GF2SHYS\Downloads\helloworld\${M2_HOME}\..\local-repository\org\junit\platform\junit-platform-engine\1.10.2\junit-platform-engine-1.10.2.jar;C:\Users\GF2SHYS\Downloads\helloworld\${M2_HOME}\..\local-repository\org\mockito\mockito-core\5.11.0\mockito-core-5.11.0.jar;C:\Users\GF2SHYS\Downloads\helloworld\${M2_HOME}\..\local-repository\net\bytebuddy\byte-buddy-agent\1.14.17\byte-buddy-agent-1.14.17.jar;C:\Users\GF2SHYS\Downloads\helloworld\${M2_HOME}\..\local-repository\org\objenesis\objenesis\3.3\objenesis-3.3.jar;C:\Users\GF2SHYS\Downloads\helloworld\${M2_HOME}\..\local-repository\org\mockito\mockito-junit-jupiter\5.11.0\mockito-junit-jupiter-5.11.0.jar;C:\Users\GF2SHYS\Downloads\helloworld\${M2_HOME}\..\local-repository\org\skyscreamer\jsonassert\1.5.1\jsonassert-1.5.1.jar;C:\Users\GF2SHYS\Downloads\helloworld\${M2_HOME}\..\local-repository\com\vaadin\external\google\android-json\0.0.20131108.vaadin1\android-json-0.0.20131108.vaadin1.jar;C:\Users\GF2SHYS\Downloads\helloworld\${M2_HOME}\..\local-repository\org\springframework\spring-core\6.1.10\spring-core-6.1.10.jar;C:\Users\GF2SHYS\Downloads\helloworld\${M2_HOME}\..\local-repository\org\springframework\spring-jcl\6.1.10\spring-jcl-6.1.10.jar;C:\Users\GF2SHYS\Downloads\helloworld\${M2_HOME}\..\local-repository\org\springframework\spring-test\6.1.10\spring-test-6.1.10.jar;C:\Users\GF2SHYS\Downloads\helloworld\${M2_HOME}\..\local-repository\org\xmlunit\xmlunit-core\2.9.1\xmlunit-core-2.9.1.jar;"/>
    <property name="sun.cpu.endian" value="little"/>
    <property name="user.home" value="C:\Users\GF2SHYS"/>
    <property name="user.language" value="en"/>
    <property name="java.specification.vendor" value="Oracle Corporation"/>
    <property name="java.version.date" value="2024-07-16"/>
    <property name="java.home" value="C:\Users\GF2SHYS\Documents\ImportantPluginsVSC\microsoft-jdk-17.0.12-windows-x64\jdk-17.0.12+7"/>
    <property name="file.separator" value="\"/>
    <property name="basedir" value="C:\Users\GF2SHYS\Downloads\helloworld"/>
    <property name="java.vm.compressedOopsMode" value="Zero based"/>
    <property name="line.separator" value="&#10;"/>
    <property name="java.vm.specification.vendor" value="Oracle Corporation"/>
    <property name="java.specification.name" value="Java Platform API Specification"/>
    <property name="FILE_LOG_CHARSET" value="windows-1250"/>
    <property name="java.awt.headless" value="true"/>
    <property name="surefire.real.class.path" value="C:\Users\GF2SHYS\AppData\Local\Temp\surefire16800891136144582103\surefirebooter-20240821085102009_3.jar"/>
    <property name="user.script" value=""/>
    <property name="sun.management.compiler" value="HotSpot 64-Bit Tiered Compilers"/>
    <property name="java.runtime.version" value="17.0.12+7-LTS"/>
    <property name="user.name" value="gf2shys"/>
    <property name="path.separator" value=";"/>
    <property name="os.version" value="10.0"/>
    <property name="java.runtime.name" value="OpenJDK Runtime Environment"/>
    <property name="file.encoding" value="Cp1250"/>
    <property name="java.vm.name" value="OpenJDK 64-Bit Server VM"/>
    <property name="java.vendor.version" value="Microsoft-9889599"/>
    <property name="localRepository" value="C:\Users\GF2SHYS\Downloads\helloworld\${M2_HOME}\..\local-repository"/>
    <property name="java.vendor.url.bug" value="https://github.com/microsoft/openjdk/issues"/>
    <property name="java.io.tmpdir" value="C:\Users\GF2SHYS\AppData\Local\Temp\"/>
    <property name="java.version" value="17.0.12"/>
    <property name="user.dir" value="C:\Users\GF2SHYS\Downloads\helloworld"/>
    <property name="os.arch" value="amd64"/>
    <property name="java.vm.specification.name" value="Java Virtual Machine Specification"/>
    <property name="PID" value="23776"/>
    <property name="user.language.format" value="pl"/>
    <property name="sun.os.patch.level" value=""/>
    <property name="CONSOLE_LOG_CHARSET" value="windows-1250"/>
    <property name="native.encoding" value="Cp1250"/>
    <property name="java.library.path" value="C:\Users\GF2SHYS\Documents\ImportantPluginsVSC\microsoft-jdk-17.0.12-windows-x64\jdk-17.0.12+7\bin;C:\WINDOWS\Sun\Java\bin;C:\WINDOWS\system32;C:\WINDOWS;C:\WINDOWS\system32;C:\WINDOWS;C:\WINDOWS\System32\Wbem;C:\WINDOWS\System32\WindowsPowerShell\v1.0\;C:\WINDOWS\System32\OpenSSH\;C:\Program Files (x86)\Verint\Playback\;C:\Program Files (x86)\Enterprise Vault\EVClient\x64\;C:\Program Files\Git\cmd;C:\Program Files\Microsoft VS Code\bin;C:\Users\GF2SHYS\AppData\Local\Microsoft\WindowsApps;C:\Users\GF2SHYS\Documents\ImportantPluginsVSC\microsoft-jdk-17.0.12-windows-x64\jdk-17.0.12+7\bin;C:\Users\GF2SHYS;C:\Users\GF2SHYS\Documents\ImportantPluginsVSC\maven-coba-3.8.6-distributable\maven-3.8.6\bin;;."/>
    <property name="java.vm.info" value="mixed mode, sharing"/>
    <property name="java.vendor" value="Microsoft"/>
    <property name="java.vm.version" value="17.0.12+7-LTS"/>
    <property name="sun.io.unicode.encoding" value="UnicodeLittle"/>
    <property name="java.class.version" value="61.0"/>
    <property name="LOGGED_APPLICATION_NAME" value="[helloworld] "/>
  </properties>
  <testcase name="contextLoads" classname="com.commerzbank.helloworld.HelloworldApplicationTests" time="0.816">
    <system-out><![CDATA[08:51:02.849 [main] INFO org.springframework.test.context.support.AnnotationConfigContextLoaderUtils -- Could not detect default configuration classes for test class [com.commerzbank.helloworld.HelloworldApplicationTests]: HelloworldApplicationTests does not declare any static, non-private, non-final, nested classes annotated with @Configuration.
08:51:02.935 [main] INFO org.springframework.boot.test.context.SpringBootTestContextBootstrapper -- Found @SpringBootConfiguration com.commerzbank.helloworld.HelloworldApplication for test class com.commerzbank.helloworld.HelloworldApplicationTests

  .   ____          _            __ _ _
 /\\ / ___'_ __ _ _(_)_ __  __ _ \ \ \ \
( ( )\___ | '_ | '_| | '_ \/ _` | \ \ \ \
 \\/  ___)| |_)| | | | | || (_| |  ) ) ) )
  '  |____| .__|_| |_|_| |_\__, | / / / /
 =========|_|==============|___/=/_/_/_/

 :: Spring Boot ::                (v3.3.1)

2024-08-21T08:51:03.301+02:00  INFO 23776 --- [helloworld] [           main] c.c.h.HelloworldApplicationTests         : Starting HelloworldApplicationTests using Java 17.0.12 with PID 23776 (started by gf2shys in C:\Users\GF2SHYS\Downloads\helloworld)
2024-08-21T08:51:03.303+02:00  INFO 23776 --- [helloworld] [           main] c.c.h.HelloworldApplicationTests         : No active profile set, falling back to 1 default profile: "default"
2024-08-21T08:51:04.741+02:00  INFO 23776 --- [helloworld] [           main] o.s.b.a.e.web.EndpointLinksResolver      : Exposing 1 endpoint beneath base path '/actuator'
2024-08-21T08:51:04.800+02:00  INFO 23776 --- [helloworld] [           main] c.c.h.HelloworldApplicationTests         : Started HelloworldApplicationTests in 1.72 seconds (process running for 2.609)
]]></system-out>
  </testcase>
</testsuite>